2020-10-05 22:37:43,512 [      0]   INFO -        #com.intellij.idea.Main - ------------------------------------------------------ IDE STARTED ------------------------------------------------------ 
2020-10-05 22:37:43,579 [     67]   INFO -        #com.intellij.idea.Main - IDE: Android Studio (build #AI-193.6911.18.40.6626763, 24 Jun 2020 23:42) 
2020-10-05 22:37:43,580 [     68]   INFO -        #com.intellij.idea.Main - OS: Windows 10 (10.0, amd64) 
2020-10-05 22:37:43,580 [     68]   INFO -        #com.intellij.idea.Main - JRE: 1.8.0_242-release-1644-b01 (JetBrains s.r.o) 
2020-10-05 22:37:43,580 [     68]   INFO -        #com.intellij.idea.Main - JVM: 25.242-b01 (OpenJDK 64-Bit Server VM) 
2020-10-05 22:37:43,580 [     68]   INFO -        #com.intellij.idea.Main - JVM Args: exit -Xms256m -Xmx1280m -XX:ReservedCodeCacheSize=240m -XX:+UseConcMarkSweepGC -XX:SoftRefLRUPolicyMSPerMB=50 -XX:CICompilerCount=2 -Dsun.io.useCanonPrefixCache=false -Djava.net.preferIPv4Stack=true -Djdk.http.auth.tunneling.disabledSchemes="" -Djdk.attach.allowAttachSelf=true -Dkotlinx.coroutines.debug=off -Djdk.module.illegalAccess.silent=true -Djna.nosys=true -Djna.boot.library.path= -Djb.vmOptionsFile=C:\Program Files\Android\Android Studio\bin\studio64.exe.vmoptions -Djava.library.path=C:\Program Files\Android\Android Studio\jre\jre\bin;C:\Program Files\Android\Android Studio\jre\jre\bin\server -Didea.platform.prefix=AndroidStudio -Didea.jre.check=true -Dide.native.launcher=true -Didea.paths.selector=AndroidStudio4.0 -XX:ErrorFile=C:\Users\isaac\java_error_in_studio_%p.log -XX:HeapDumpPath=C:\Users\isaac\java_error_in_studio.hprof 
2020-10-05 22:37:43,826 [    314]   INFO -        #com.intellij.idea.Main - ext: C:\Program Files\Android\Android Studio\jre\jre\lib\ext: [access-bridge-64.jar, cldrdata.jar, dnsns.jar, jaccess.jar, localedata.jar, meta-index, nashorn.jar, sunec.jar, sunjce_provider.jar, sunmscapi.jar, sunpkcs11.jar, zipfs.jar] 
2020-10-05 22:37:43,827 [    315]   INFO -        #com.intellij.idea.Main - charsets: JNU=Cp1252 file=Cp1252 
2020-10-05 22:37:43,962 [    450]   INFO -        #com.intellij.idea.Main - JNA library (64-bit) loaded in 437 ms 
2020-10-05 22:37:44,169 [    657]   INFO -        #com.intellij.idea.Main - CPU cores: 4; ForkJoinPool.commonPool: java.util.concurrent.ForkJoinPool@3b210543[Running, parallelism = 3, size = 0, active = 0, running = 0, steals = 0, tasks = 0, submissions = 0]; factory: com.intellij.concurrency.IdeaForkJoinWorkerThreadFactory@44d37e0b 
2020-10-05 22:37:44,253 [    741]   INFO - penapi.util.io.win32.IdeaWin32 - Native filesystem for Windows is operational 
2020-10-05 22:37:58,804 [  15292]   INFO - llij.ide.plugins.PluginManager - Plugin "Groovy" misses optional descriptor duplicates-groovy.xml 
2020-10-05 22:37:58,805 [  15293]   INFO - llij.ide.plugins.PluginManager - Plugin "Groovy" misses optional descriptor duplicates-detection-groovy.xml 
2020-10-05 22:37:59,007 [  15495]   INFO - llij.ide.plugins.PluginManager - Plugin "Java" misses optional descriptor profiler-java.xml 
2020-10-05 22:37:59,144 [  15632]   INFO - llij.ide.plugins.PluginManager - Loaded bundled plugins: Android APK Support (1.0), Android Games (1.0), Android NDK Support (1.0), Android Support (10.4.0.1), App Links Assistant (0.1), ChangeReminder (193.6911.18.40.6626763), Compose (0.1.0-dev03), Configuration Script (193.6911.18.40.6626763), Copyright (193.6911.18.40.6626763), Coverage (193.6911.18.40.6626763), EditorConfig (193.6911.18.40.6626763), Firebase App Indexing (0.1), Firebase Services (0.1), Firebase Testing (1.0), Git (193.6911.18.40.6626763), GitHub (193.6911.18.40.6626763), Google Cloud Tools Core (0.2.8), Google Cloud Tools For Android Studio (0.2.8), Google Developers Samples (0.3.1), Google Login (1.0), Google Services (0.1), Gradle (193.6911.18.40.6626763), Gradle-Java (193.6911.18.40.6626763), Groovy (193.6911.18.40.6626763), IDEA CORE (193.6911.18.40.6626763), IntelliLang (193.6911.18.40.6626763), JUnit (193.6911.18.40.6626763), Java (193.6911.18.40.6626763), Java Bytecode Decompiler (193.6911.18.40.6626763), Java IDE Customization (193.6911.18.40.6626763), Java Internationalization (193.6911.18.40.6626763), Java Stream Debugger (193.6911.18.40.6626763), Kotlin (1.3.72-release-Studio4.0-5), Layoutlib Native (1.0), Layoutlib Standard (1.0), Mercurial (193.6911.18.40.6626763), Properties (193.6911.18.40.6626763), Settings Repository (193.6911.18.40.6626763), Shell Script (193.6911.18.40.6626763), Smali Support (193.6911.18.40.6626763), Subversion (193.6911.18.40.6626763), Task Management (193.6911.18.40.6626763), Terminal (193.6911.18.40.6626763), Test Recorder (1.0), TestNG (193.6911.18.40.6626763), TextMate bundles (193.6911.18.40.6626763), YAML (193.6911.18.40.6626763) 
2020-10-05 22:37:59,959 [  16447]   INFO - fs.newvfs.persistent.FSRecords - Marking VFS as corrupted: 'C:\Users\isaac\.AndroidStudio4.0\system\caches\names.dat' does not exist 
2020-10-05 22:37:59,962 [  16450]   INFO - ellij.util.io.PagedFileStorage - lower=100; upper=500; buffer=10; max=1226 
2020-10-05 22:37:59,982 [  16470]   INFO - rains.ide.BuiltInServerManager - built-in server started, port 63342 
2020-10-05 22:38:00,005 [  16493]   INFO - tellij.util.io.FileChannelUtil - interruptible FileChannel-s will be used for indexes 
2020-10-05 22:38:00,092 [  16580]   INFO - .history.utils.LocalHistoryLog - local history version mismatch (was: 0, expected: 6), rebuilding... 
2020-10-05 22:38:00,092 [  16580]   INFO - .history.utils.LocalHistoryLog - FS has been rebuild, rebuilding local history... 
2020-10-05 22:38:00,135 [  16623]   INFO - pl.local.NativeFileWatcherImpl - Starting file watcher: C:\Program Files\Android\Android Studio\bin\fsnotifier64.exe 
2020-10-05 22:38:00,187 [  16675]   INFO - gs.impl.UpdateCheckerComponent - channel: release 
2020-10-05 22:38:00,205 [  16693]   INFO - til.net.ssl.CertificateManager - Default SSL context initialized 
2020-10-05 22:38:00,274 [  16762]   INFO - pl.local.NativeFileWatcherImpl - Native file watcher is operational. 
2020-10-05 22:38:00,338 [  16826]   INFO - com.intellij.ide.ui.UISettings - Loaded: fontSize=13, fontScale=1.0; restored: fontSize=13, fontScale=1.0 
2020-10-05 22:38:00,660 [  17148]   WARN - nSystem.impl.ActionManagerImpl - keymap "ReSharper" not found [Plugin: com.android.tools.ndk] 
2020-10-05 22:38:01,279 [  17767]   INFO - ij.psi.stubs.StubUpdatingIndex - Following new file types will be indexed:LLDBCommands,JAVA,CLASS,HTML,XML,DGM,kotlin_builtins,Properties,GDBCommands,Kotlin,KNM,Groovy,KJSM 
2020-10-05 22:38:01,562 [  18050]   INFO - il.indexing.FileBasedIndexImpl - Indices to be built:FrameworkDetectionIndex,TodoIndex,IdIndex,FilenameIndex,filetypes,Stubs,Trigram.Index,fileIncludes,DomFileIndex,RelaxSymbolIndex,XmlTagNames,XmlNamespaces,html5.custom.attributes.index,SchemaTypeInheritance,json.file.root.values,ImageFileInfoIndex,bytecodeAnalysis,java.auto.module.name,java.source.module.name,java.null.method.argument,java.simple.property,java.fun.expression,java.binary.plus.expression,RefQueueIndex,xmlProperties,GroovyDslFileIndex,groovy.trait.fields,groovy.trait.methods,org.jetbrains.kotlin.idea.versions.KotlinJvmMetadataVersionIndex,org.jetbrains.kotlin.idea.versions.KotlinJsMetadataVersionIndex,org.jetbrains.kotlin.idea.vfilefinder.KotlinClassFileIndex,org.jetbrains.kotlin.idea.vfilefinder.KotlinJavaScriptMetaFileIndex,org.jetbrains.kotlin.idea.vfilefinder.KotlinMetadataFileIndex,org.jetbrains.kotlin.idea.vfilefinder.KotlinMetadataFilePackageIndex,org.jetbrains.kotlin.idea.vfilefinder.KotlinModuleMappingIndex,org.jetbrains.kotlin.idea.vfilefinder.KotlinPackageSourcesMemberNamesIndex,org.jetbrains.kotlin.idea.vfilefinder.KotlinJvmModuleAnnotationsIndex,org.jetbrains.kotlin.ide.konan.index.KotlinNativeMetaFileIndex,com.android.tools.idea.model.AndroidManifestIndex$Companion$NAME$1.NAME,BindingXmlIndex,MlModelFileIndex,FileNameWithoutExtensionIndex,android.ndk.jni.nativemethodindex,editorconfig.index.name,yaml.keys.name 
2020-10-05 22:38:01,565 [  18053]   INFO - pl$FileIndexDataInitialization - Initialization done: 1248 
2020-10-05 22:38:01,804 [  18292]   INFO - tellij.psi.stubs.StubIndexImpl - Following stub indices will be built:dom.namespaceKey,dom.elementClass,java.annotations,java.class.extlist,java.field.name,java.method.name,jvm.static.member.name,jvm.static.member.type,java.anonymous.baseref,java.method.parameter.types,java.class.shortname,java.class.fqn,java.module.name,properties.index,gr.class.fqn,gr.script.fqn,gr.field.name,gr.method.name,gr.annot.method.name,gr.annot.members,gr.script.class,gr.class.super,gr.anonymous.class,org.jetbrains.kotlin.idea.stubindex.KotlinExactPackagesIndex,org.jetbrains.kotlin.idea.stubindex.KotlinTopLevelClassByPackageIndex,org.jetbrains.kotlin.idea.stubindex.KotlinTopLevelFunctionByPackageIndex,org.jetbrains.kotlin.idea.stubindex.KotlinTopLevelPropertyByPackageIndex,org.jetbrains.kotlin.idea.stubindex.KotlinTopLevelTypeAliasByPackageIndex,org.jetbrains.kotlin.idea.stubindex.KotlinClassShortNameIndex,org.jetbrains.kotlin.idea.stubindex.KotlinFullClassNameIndex,org.jetbrains.kotlin.idea.stubindex.KotlinPropertyShortNameIndex,org.jetbrains.kotlin.idea.stubindex.KotlinFunctionShortNameIndex,org.jetbrains.kotlin.idea.stubindex.KotlinTypeAliasShortNameIndex,org.jetbrains.kotlin.idea.stubindex.KotlinSuperClassIndex,org.jetbrains.kotlin.idea.stubindex.KotlinTopLevelFunctionFqnNameIndex,org.jetbrains.kotlin.idea.stubindex.KotlinTopLevelPropertyFqnNameIndex,org.jetbrains.kotlin.idea.stubindex.KotlinTopLevelTypeAliasFqNameIndex,org.jetbrains.kotlin.idea.stubindex.KotlinTopLevelExtensionsByReceiverTypeIndex,org.jetbrains.kotlin.idea.stubindex.KotlinAnnotationsIndex,org.jetbrains.kotlin.idea.stubindex.KotlinProbablyNothingFunctionShortNameIndex,org.jetbrains.kotlin.idea.stubindex.KotlinProbablyNothingPropertyShortNameIndex,org.jetbrains.kotlin.idea.stubindex.KotlinProbablyContractedFunctionShortNameIndex,org.jetbrains.kotlin.idea.stubindex.KotlinFileFacadeFqNameIndex,org.jetbrains.kotlin.idea.stubindex.KotlinFilePartClassIndex,org.jetbrains.kotlin.idea.stubindex.KotlinFileFacadeClassByPackageIndex,org.jetbrains.kotlin.idea.stubindex.KotlinFileFacadeShortNameIndex,org.jetbrains.kotlin.idea.stubindex.KotlinMultifileClassPartIndex,org.jetbrains.kotlin.idea.stubindex.KotlinScriptFqnIndex,org.jetbrains.kotlin.idea.stubindex.KotlinTypeAliasByExpansionShortNameIndex,org.jetbrains.kotlin.idea.stubindex.KotlinOverridableInternalMembersShortNameIndex 
2020-10-05 22:38:01,805 [  18293]   INFO - exImpl$StubIndexInitialization - Initialization done: 239 
2020-10-05 22:38:08,054 [  24542]   INFO - s.RepoProgressIndicatorAdapter - Downloading https://dl.google.com/android/repository/addons_list-3.xml 
2020-10-05 22:38:08,473 [  24961]   INFO - s.RepoProgressIndicatorAdapter - File C:\Users\isaac\.android\repositories.cfg could not be loaded. 
2020-10-05 22:38:08,477 [  24965]   INFO - s.RepoProgressIndicatorAdapter - Downloading https://dl.google.com/android/repository/sys-img/android/sys-img2-1.xml 
2020-10-05 22:38:08,480 [  24968]   INFO - s.RepoProgressIndicatorAdapter - Downloading https://dl.google.com/android/repository/sys-img/android-automotive/sys-img2-1.xml 
2020-10-05 22:38:08,482 [  24970]   INFO - s.RepoProgressIndicatorAdapter - Downloading https://dl.google.com/android/repository/repository2-1.xml 
2020-10-05 22:38:08,482 [  24970]   INFO - s.RepoProgressIndicatorAdapter - Downloading https://dl.google.com/android/repository/extras/intel/addon2-1.xml 
2020-10-05 22:38:08,483 [  24971]   INFO - s.RepoProgressIndicatorAdapter - Downloading https://dl.google.com/android/repository/glass/addon2-1.xml 
2020-10-05 22:38:08,484 [  24972]   INFO - s.RepoProgressIndicatorAdapter - Downloading https://dl.google.com/android/repository/sys-img/google_apis_playstore/sys-img2-1.xml 
2020-10-05 22:38:08,484 [  24972]   INFO - s.RepoProgressIndicatorAdapter - Downloading https://dl.google.com/android/repository/addon2-1.xml 
2020-10-05 22:38:08,485 [  24973]   INFO - s.RepoProgressIndicatorAdapter - Downloading https://dl.google.com/android/repository/sys-img/android-tv/sys-img2-1.xml 
2020-10-05 22:38:08,485 [  24973]   INFO - s.RepoProgressIndicatorAdapter - Downloading https://dl.google.com/android/repository/sys-img/google_apis/sys-img2-1.xml 
2020-10-05 22:38:08,485 [  24973]   INFO - s.RepoProgressIndicatorAdapter - Downloading https://dl.google.com/android/repository/sys-img/android-wear-cn/sys-img2-1.xml 
2020-10-05 22:38:08,486 [  24974]   INFO - s.RepoProgressIndicatorAdapter - Downloading https://dl.google.com/android/repository/sys-img/android-wear/sys-img2-1.xml 
2020-10-05 22:38:09,169 [  25657]   WARN - vdmanager.AvdManagerConnection - No Android SDK Found 
2020-10-05 22:38:09,467 [  25955]   INFO - .startup.AndroidSdkInitializer - Found Studio home directory at: 'C:\Program Files\Android\Android Studio' 
2020-10-05 22:38:09,467 [  25955]   INFO - .startup.AndroidSdkInitializer - Looking for Android SDK at 'C:/Program Files/Android/Android Studio/sdk' 
2020-10-05 22:38:09,468 [  25956]   INFO - .startup.AndroidSdkInitializer - Looking for Android SDK at 'C:/Program Files/Android/sdk' 
2020-10-05 22:38:09,468 [  25956]   INFO - .startup.AndroidSdkInitializer - Unable to locate SDK within the Android studio installation. 
2020-10-05 22:38:09,468 [  25956]   INFO - .startup.AndroidSdkInitializer - Examined and not found a valid Android SDK path: ANDROID_HOME environment variable 
2020-10-05 22:38:09,468 [  25956]   INFO - .startup.AndroidSdkInitializer - Examined and not found a valid Android SDK path: ANDROID_SDK_ROOT environment variable 
2020-10-05 22:38:09,469 [  25957]   INFO - .startup.AndroidSdkInitializer - Examined and not found a valid Android SDK path: Last SDK used by Android tools 
2020-10-05 22:38:09,469 [  25957]   INFO - .startup.AndroidSdkInitializer - Found Studio home directory at: 'C:\Program Files\Android\Android Studio' 
2020-10-05 22:38:09,469 [  25957]   INFO - .startup.AndroidSdkInitializer - Looking for Android SDK at 'C:/Program Files/Android/Android Studio/sdk' 
2020-10-05 22:38:09,469 [  25957]   INFO - .startup.AndroidSdkInitializer - Looking for Android SDK at 'C:/Program Files/Android/sdk' 
2020-10-05 22:38:09,469 [  25957]   INFO - .startup.AndroidSdkInitializer - Unable to locate SDK within the Android studio installation. 
2020-10-05 22:38:09,469 [  25957]   INFO - .startup.AndroidSdkInitializer - Examined and not found a valid Android SDK path: ANDROID_HOME environment variable 
2020-10-05 22:38:09,469 [  25957]   INFO - .startup.AndroidSdkInitializer - Examined and not found a valid Android SDK path: ANDROID_SDK_ROOT environment variable 
2020-10-05 22:38:09,469 [  25957]   INFO - .startup.AndroidSdkInitializer - Examined and not found a valid Android SDK path: Last SDK used by Android tools 
2020-10-05 22:39:03,143 [  79631]   INFO - rationStore.ComponentStoreImpl - Saving appDaemonCodeAnalyzerSettings took 11 ms, DebuggerSettings took 19 ms 
2020-10-05 22:40:00,477 [ 136965]   INFO - rd.FirstRunWizardFrameProvider - Overriding welcome frame to be resizable 
2020-10-05 22:40:04,298 [ 140786]   INFO - stubs.SerializationManagerImpl - START StubSerializationManager SHUTDOWN 
2020-10-05 22:40:04,298 [ 140786]   INFO - stubs.SerializationManagerImpl - END StubSerializationManager SHUTDOWN 
2020-10-05 22:40:04,299 [ 140787]   INFO - Types.impl.FileTypeManagerImpl - 0 auto-detected files. Detection took 0 ms 
2020-10-05 22:40:04,304 [ 140792]   INFO - pl.local.NativeFileWatcherImpl - Watcher terminated with exit code 0 
2020-10-05 22:40:04,304 [ 140792]   INFO - il.indexing.FileBasedIndexImpl - START INDEX SHUTDOWN 
2020-10-05 22:40:04,314 [ 140802]   INFO - il.indexing.FileBasedIndexImpl - END INDEX SHUTDOWN 
2020-10-05 22:40:04,314 [ 140802]   INFO - newvfs.persistent.PersistentFS - VFS dispose started 
2020-10-05 22:40:04,315 [ 140803]   INFO - newvfs.persistent.PersistentFS - VFS dispose completed 
2020-10-05 22:40:04,320 [ 140808]   INFO - org.jetbrains.io.BuiltInServer - web server stopped 
2020-10-05 22:40:04,325 [ 140813]   INFO -        #com.intellij.idea.Main - ------------------------------------------------------ IDE SHUTDOWN ------------------------------------------------------ 
2020-10-05 22:40:04,328 [ 140816]   INFO - org.jetbrains.io.BuiltInServer - web server stopped 
